[mhf.org.sg/evolusi-baju-kurung/index.html]
[backblue.gif]
[fade.gif]
[index.html]
[mhf.org.sg/wp-includes/css/dist/block-library/style.min0899.css]
[mhf.org.sg/wp-content/themes/astra/assets/css/minified/style.min2720.css]
[mhf.org.sg/evolusi-baju-kurung/feed/index.html]
[mhf.org.sg/wp-content/plugins/header-footer-elementor/inc/widgets-css/frontend95b8.css]
[mhf.org.sg/wp-content/plugins/translatepress-multilingual/assets/css/trp-floater-language-switcher3818.css]
[mhf.org.sg/wp-content/plugins/translatepress-multilingual/assets/css/trp-language-switcher3818.css]
[mhf.org.sg/wp-content/plugins/the-events-calendar/build/css/tribe-events-single-skeleton4e1e.css]
[mhf.org.sg/wp-content/plugins/the-events-calendar/build/css/tribe-events-single-full4e1e.css]
[mhf.org.sg/wp-content/plugins/the-events-calendar/build/css/integrations/plugins/elementor/widgets/widget-base4e1e.css]
[mhf.org.sg/wp-content/plugins/header-footer-elementor/assets/css/header-footer-elementor95b8.css]
[mhf.org.sg/wp-content/plugins/elementor/assets/lib/eicons/css/elementor-icons.minf531.css]
[mhf.org.sg/wp-content/plugins/elementor/assets/css/frontend.min2801.css]
[mhf.org.sg/wp-content/uploads/elementor/css/post-438eb4c.css]
[mhf.org.sg/wp-content/plugins/ultimate-elementor/assets/min-css/uael-frontend.min51ce.css]
[mhf.org.sg/wp-content/plugins/wpforms-lite/assets/css/frontend/classic/wpforms-base.min055b.css]
[mhf.org.sg/wp-content/plugins/elementor/assets/css/widget-social-icons.min2401.css]
[mhf.org.sg/wp-content/plugins/elementor/assets/lib/font-awesome/css/brands52d5.css]
[mhf.org.sg/wp-content/plugins/elementor/assets/lib/font-awesome/css/fontawesome52d5.css]
[mhf.org.sg/wp-content/plugins/elementor/assets/lib/font-awesome/css/solid52d5.css]
[mhf.org.sg/wp-content/uploads/elementor/css/post-48770f96.css]
[mhf.org.sg/wp-content/uploads/elementor/css/post-3538f50.css]
[mhf.org.sg/wp-content/uploads/astra-addon/astra-addon-6845f4045edfb0-44583647c422.css]
[mhf.org.sg/wp-content/themes/the-malay-heritage-foundation/style8a54.css]
[mhf.org.sg/wp-content/plugins/elementor/assets/lib/eicons/css/elementor-icons.min705c.css]
[mhf.org.sg/wp-content/plugins/elementor/assets/css/widget-icon-list.min44b4.css]
[mhf.org.sg/wp-content/plugins/essential-addons-for-elementor-lite/assets/front-end/css/view/general.minb687.css]
[mhf.org.sg/wp-content/uploads/elementor/google-fonts/css/robotoc554.css]
[mhf.org.sg/wp-content/uploads/elementor/google-fonts/css/robotoslabf4e3.css]
[mhf.org.sg/wp-content/uploads/elementor/google-fonts/css/montserrat8374.css]
[mhf.org.sg/wp-content/plugins/elementor/assets/lib/font-awesome/css/fontawesome.min52d5.css]
[mhf.org.sg/wp-content/plugins/elementor/assets/lib/font-awesome/css/solid.min52d5.css]
[mhf.org.sg/wp-content/plugins/elementor/assets/lib/font-awesome/css/brands.min52d5.css]
[mhf.org.sg/wp-content/plugins/elementor/assets/lib/font-awesome/css/regular.min52d5.css]
[mhf.org.sg/wp-includes/js/jquery/jquery.minf43b.js]
[mhf.org.sg/wp-includes/js/jquery/jquery-migrate.min5589.js]
[mhf.org.sg/wp-content/plugins/revslider/sr6/assets/js/rbtools.min0c0c.js]
[mhf.org.sg/wp-content/uploads/2020/09/cropped-TMHFlogo_RGB-e1600181048265-32x32.png]
[mhf.org.sg/wp-content/uploads/2020/09/cropped-TMHFlogo_RGB-e1600181048265-192x192.png]
[mhf.org.sg/wp-content/plugins/revslider/sr6/assets/js/rs6.mine00b.js]
[mhf.org.sg/wp-content/uploads/2020/09/cropped-TMHFlogo_RGB-e1600181048265-180x180.png]
[mhf.org.sg/wp-content/uploads/2020/08/cropped-TMHFlogo_RGB.png]
[mhf.org.sg/wp-content/uploads/elementor/thumbs/cropped-TMHFlogo_RGB-ouiw8vh9j5q6rwjinqs5fv4f4esuhyrpq8wzmr94yg.png]
[mhf.org.sg/wp-content/uploads/2017/10/Evolusi-Baju-Kurung.jpg]
[mhf.org.sg/wp-content/uploads/2020/03/MHC-LOGO-300x107.jpg]
[mhf.org.sg/wp-content/uploads/2020/03/NHB_logo-300x115.jpg]
[mhf.org.sg/wp-content/plugins/elementor/assets/css/widget-icon-list.min2801.css]
[mhf.org.sg/wp-content/plugins/elementor/assets/css/widget-heading.min2801.css]
[mhf.org.sg/wp-content/plugins/elementor/assets/css/widget-social-icons.min2801.css]
[mhf.org.sg/wp-content/plugins/elementor/assets/css/conditionals/apple-webkit.min2801.css]
[mhf.org.sg/wp-content/plugins/revslider/sr6/assets/css/rs6e00b.css]
[mhf.org.sg/wp-content/themes/astra/assets/js/minified/style.min2720.js]
[mhf.org.sg/wp-includes/js/dist/dom-ready.min5346.js]
[mhf.org.sg/wp-content/plugins/astra-pro-sites/inc/lib/onboarding/assets/dist/template-preview/maina11c.js]
[mhf.org.sg/wp-content/uploads/astra-addon/astra-addon-6845f4045f1356-18841495c422.js]
[mhf.org.sg/wp-content/plugins/astra-addon/assets/js/minified/purify.minc422.js]
[mhf.org.sg/wp-content/plugins/essential-addons-for-elementor-lite/assets/front-end/js/view/general.minb687.js]
[mhf.org.sg/wp-content/plugins/elementor/assets/js/webpack.runtime.min2801.js]
[mhf.org.sg/wp-content/plugins/elementor/assets/js/frontend-modules.min2801.js]
[mhf.org.sg/wp-includes/js/jquery/ui/core.minb37e.js]
[mhf.org.sg/wp-content/plugins/elementor/assets/js/frontend.min2801.js]
[mhf.org.sg/wp-content/plugins/header-footer-elementor/inc/js/frontend95b8.js]
[mhf.org.sg/evolusi-baju-kurung/index.html]
[mhf.org.sg/wp-includes/css/dist/block-library/style.min0899.css]
[mhf.org.sg/wp-content/themes/astra/assets/css/minified/style.min2720.css]
[mhf.org.sg/wp-content/plugins/header-footer-elementor/inc/widgets-css/frontend95b8.css]
[mhf.org.sg/wp-content/plugins/translatepress-multilingual/assets/css/trp-floater-language-switcher3818.css]
[mhf.org.sg/wp-content/plugins/translatepress-multilingual/assets/css/trp-language-switcher3818.css]
[mhf.org.sg/wp-content/plugins/the-events-calendar/build/css/tribe-events-single-skeleton4e1e.css]
[mhf.org.sg/wp-content/plugins/the-events-calendar/build/css/tribe-events-single-full4e1e.css]
[mhf.org.sg/wp-content/plugins/the-events-calendar/build/css/integrations/plugins/elementor/widgets/widget-base4e1e.css]
[mhf.org.sg/wp-content/plugins/header-footer-elementor/assets/css/header-footer-elementor95b8.css]
[mhf.org.sg/wp-content/plugins/elementor/assets/lib/eicons/css/elementor-icons.minf531.css]
[mhf.org.sg/wp-content/plugins/elementor/assets/css/frontend.min2801.css]
[mhf.org.sg/wp-content/uploads/elementor/css/post-438eb4c.css]
[mhf.org.sg/wp-content/plugins/ultimate-elementor/assets/min-css/uael-frontend.min51ce.css]
[mhf.org.sg/wp-content/plugins/wpforms-lite/assets/css/frontend/classic/wpforms-base.min055b.css]
[mhf.org.sg/wp-content/plugins/elementor/assets/css/widget-social-icons.min2401.css]
[mhf.org.sg/wp-content/plugins/elementor/assets/lib/font-awesome/css/brands52d5.css]
[mhf.org.sg/wp-content/plugins/elementor/assets/lib/font-awesome/css/fontawesome52d5.css]
[mhf.org.sg/wp-content/plugins/elementor/assets/lib/font-awesome/css/solid52d5.css]
[mhf.org.sg/wp-content/uploads/elementor/css/post-48770f96.css]
[mhf.org.sg/wp-content/uploads/elementor/css/post-3538f50.css]
[mhf.org.sg/wp-content/uploads/astra-addon/astra-addon-6845f4045edfb0-44583647c422.css]
[mhf.org.sg/wp-content/themes/the-malay-heritage-foundation/style8a54.css]
[mhf.org.sg/wp-content/plugins/elementor/assets/lib/eicons/css/elementor-icons.min705c.css]
[mhf.org.sg/wp-content/plugins/elementor/assets/css/widget-icon-list.min44b4.css]
[mhf.org.sg/wp-content/plugins/essential-addons-for-elementor-lite/assets/front-end/css/view/general.minb687.css]
[mhf.org.sg/wp-content/uploads/elementor/google-fonts/css/robotoc554.css]
[mhf.org.sg/wp-content/uploads/elementor/google-fonts/css/robotoslabf4e3.css]
[mhf.org.sg/wp-content/uploads/elementor/google-fonts/css/montserrat8374.css]
[mhf.org.sg/wp-content/plugins/elementor/assets/lib/font-awesome/css/fontawesome.min52d5.css]
[mhf.org.sg/wp-content/plugins/elementor/assets/lib/font-awesome/css/solid.min52d5.css]
[mhf.org.sg/wp-content/plugins/elementor/assets/lib/font-awesome/css/brands.min52d5.css]
[mhf.org.sg/wp-content/plugins/elementor/assets/lib/font-awesome/css/regular.min52d5.css]
[mhf.org.sg/wp-content/plugins/elementor/assets/css/widget-icon-list.min2801.css]
[mhf.org.sg/wp-content/plugins/elementor/assets/css/widget-image.min2801.css]
[mhf.org.sg/wp-content/plugins/elementor/assets/css/widget-heading.min2801.css]
[mhf.org.sg/wp-content/plugins/elementor/assets/css/widget-social-icons.min2801.css]
[mhf.org.sg/wp-content/plugins/elementor/assets/css/conditionals/apple-webkit.min2801.css]
[mhf.org.sg/wp-content/plugins/revslider/sr6/assets/css/openhand.cur]
[mhf.org.sg/wp-content/plugins/elfsight-facebook-feed-cc/assets/elfsight-facebook-feed92e2.js]
[mhf.org.sg/wp-content/plugins/revslider/sr6/assets/css/closedhand.cur]
[mhf.org.sg/wp-content/plugins/revslider/sr6/assets/assets/gridtile.png]
[mhf.org.sg/wp-content/plugins/revslider/sr6/assets/assets/gridtile_white.png]
[mhf.org.sg/wp-content/plugins/revslider/sr6/assets/assets/gridtile_3x3.png]
[mhf.org.sg/wp-content/plugins/revslider/sr6/assets/assets/gridtile_3x3_white.png]
[mhf.org.sg/wp-content/plugins/revslider/sr6/assets/assets/coloredbg.png]
[mhf.org.sg/wp-content/plugins/revslider/sr6/assets/assets/loader.gif]
[mhf.org.sg/wp-content/plugins/revslider/sr6/assets/css/rs6e00b.css]
