[babogenglish.wordpress.com/2016/07/20/traditional-malay-costume-baju-kurung/index.html]
[backblue.gif]
[fade.gif]
[index.html]
[babogenglish.wordpress.com/2016/07/20/traditional-malay-costume-baju-kurung/feed/index.html]
[s1.wp.com/wp-content/plugins/gutenberg-core/v20.6.0/build/block-library/style00e5.css]
[s2.wp.com/wp-content/mu-plugins/jetpack-mu-wpcom-plugin/sun/jetpack_vendor/automattic/jetpack-mu-wpcom/src/build/verbum-comments/verbum-commentsb644.css]
[widgets.wp.com/verbum-block-editor/block-editor55e2.css]
[s1.wp.com/wp-content/mu-plugins/jetpack-plugin/sun/_inc/genericons/genericons/genericons77d3.css]
[s1.wp.com/wp-content/mu-plugins/global-print/global-printbcec.css]
[s1.wp.com/_static/indexbe93.html]
[s0.wp.com/wp-content/plugins/gutenberg-core/v20.6.0/build/hooks/index.min0e4e.js]
[s0.wp.com/wp-content/plugins/gutenberg-core/v20.6.0/build/i18n/index.minb892.js]
[babogenglish.wordpress.com/wp-content/uploads/2022/06/malasia-frontpiece06d6.jpg]
[babogenglish.wordpress.com/wp-content/uploads/2016/07/bk-copy.png]
[babogenglish.wordpress.com/wp-content/uploads/2016/07/baju_melayu.jpg]
[babogenglish.wordpress.com/wp-content/uploads/2016/07/teluk-belanga3.jpg]
[babogenglish.wordpress.com/wp-content/uploads/2016/07/jual_songket_palembang_medan.jpg]
[babogenglish.wordpress.com/wp-content/uploads/2016/07/natipah_produk-copy.png]
[babogenglish.wordpress.com/wp-content/uploads/2016/07/hijau.jpg]
[upload.wikimedia.org/wikipedia/commons/9/9b/Baju_melayu.jpg]
[widgets.wp.com/platform.js]
[babogenglish.wordpress.com/2016/07/20/traditional-malay-costume-baju-kurung/indexd5bd.html]
[0.gravatar.com/js/hovercards/hovercards.mind481.js]
[babogenglish.wordpress.com/2016/07/20/traditional-malay-costume-baju-kurung/index339d.html]
[s2.wp.com/wp-content/mu-plugins/gravatar-hovercards/wpgrohoe8bd.js]
[babogenglish.wordpress.com/2016/07/20/traditional-malay-costume-baju-kurung/GET]
[secure.gravatar.com/blavatar/c04e3b3c3f09b9e0bc4981be198af431f10e5e20eea4e0e4619267a7530d7e104381.jpeg]
[s0.wp.com/wp-content/mu-plugins/actionbar/actionbar3d0f.css]
[s0.wp.com/wp-content/mu-plugins/actionbar/actionbarb20e.js]
[s1.wp.com/wp-content/js/mobile-useragent-infodb1d.js]
[s1.wp.com/wp-content/mu-plugins/jetpack-mu-wpcom-plugin/sun/jetpack_vendor/automattic/jetpack-mu-wpcom/src/build/verbum-comments/assets/dynamic-loader884c.js]
[stats.wp.com/wa3f3.js]
[pixel.wp.com/b0b80.gif]
[babogenglish.wordpress.com/2016/07/20/traditional-malay-costume-baju-kurung/index.html]
[s1.wp.com/wp-content/plugins/gutenberg-core/v20.6.0/build/block-library/style00e5.css]
[babogenglish.wordpress.com/wp-content/js/bilmur-4.min9189.js]
[s0.wp.com/i/loading/dark-200.gif]
[s2.wp.com/wp-content/mu-plugins/jetpack-mu-wpcom-plugin/sun/jetpack_vendor/automattic/jetpack-mu-wpcom/src/build/verbum-comments/verbum-commentsb644.css]
[widgets.wp.com/verbum-block-editor/block-editor55e2.css]
[s1.wp.com/wp-content/mu-plugins/jetpack-plugin/sun/_inc/genericons/genericons/Genericons.eot]
[s1.wp.com/wp-content/mu-plugins/jetpack-plugin/sun/_inc/genericons/genericons/genericons77d3.css]
[s1.wp.com/wp-content/mu-plugins/global-print/global-printbcec.css]
[s1.wp.com/wp-content/mu-plugins/jetpack-plugin/sun/_inc/genericons/genericons/Genericonsd41d.eot]
[babogenglish.wordpress.com/2016/07/20/traditional-malay-costume-baju-kurung/index9a7b.html]
[babogenglish.wordpress.com/2016/07/20/traditional-malay-costume-baju-kurung/index5a58.html]
[babogenglish.wordpress.com/2016/07/20/traditional-malay-costume-baju-kurung/indexd5bd.html]
[babogenglish.wordpress.com/2016/07/20/traditional-malay-costume-baju-kurung/index339d.html]
[babogenglish.wordpress.com/2016/07/20/traditional-malay-costume-baju-kurung/GET.html]
[s0.wp.com/wp-content/mu-plugins/actionbar/actionbar3d0f.css]
