[bibahsongket.easy.co/blogs/to-love-songket-/songket-symbolism.html]
[cdn.store-assets.com/s/100017/f/10026358.jpg]
[backblue.gif]
[fade.gif]
[index.html]
[store-themes.easystore.co/100017/themes/2/assets/timber16a8.css]
[ajax.googleapis.com/ajax/libs/jquery/1.11.0/jquery.min.js]
[store-themes.easystore.co/100017/themes/2/assets/theme16a8.css]
[bibahsongket.easy.co/assets/events.js]
[bibahsongket.easy.co/assets/traffic3860.js]
[store-themes.easystore.co/100017/themes/2/assets/modernizr.min16a8.js]
[www.google-analytics.com/analytics.js]
[cdnjs.cloudflare.com/ajax/libs/font-awesome/4.5.0/css/font-awesome.min.css]
[cdn.store-assets.com/s/100017/f/13272308096d.png]
[bibahsongket.easy.co/assets/css/froala_style.min.css]
[bibahsongket.easy.co/blogs/to-love-songket-/historical-origin---traditional-uses.html]
[bibahsongket.easy.co/blogs/to-love-songket-/design-structure---pattern-arrangements--part-1-.html]
[bibahsongket.easy.co/blogs/to-love-songket-/clutch-purse-minaudier-framed-purse.html]
[bibahsongket.easy.co/blogs/to-love-songket-/note-to-collectors--part-3-.html]
[bibahsongket.easy.co/blogs/to-love-songket-/note-to-collectors--part-2-.html]
[bibahsongket.easy.co/blogs/to-love-songket-/note-to-collectors--part-1-.html]
[bibahsongket.easy.co/blogs/to-love-songket-/design-structure---pattern-arrangements--part-3-.html]
[bibahsongket.easy.co/blogs/to-love-songket-/design-structure---pattern-arrangements--part-2-.html]
[store-themes.easystore.co/100017/themes/2/assets/fastclick.min16a8.js]
[store-themes.easystore.co/100017/themes/2/assets/timber16a8.js]
[store-themes.easystore.co/100017/themes/2/assets/theme16a8.js]
[store-themes.easystore.co/100017/themes/2/assets/social-buttons16a8.js]
[bibahsongket.easy.co/assets/currencies.js]
[bibahsongket.easy.co/assets/jquery.currencies.min.js]
[bibahsongket.easy.co/assets/currencies_format.js]
[apps.easystore.co/product-labels/productlabelv271b4.js]
[bibahsongket.easy.co/blogs/to-love-songket-/songket-symbolism.html]
[store-themes.easystore.co/100017/themes/2/assets/icons.eot]
[store-themes.easystore.co/100017/themes/2/assets/icons.woff]
[store-themes.easystore.co/100017/themes/2/assets/icons.ttf]
[store-themes.easystore.co/100017/themes/2/assets/timber16a8.css]
[store-themes.easystore.co/100017/themes/2/assets/icons.svg]
[store-themes.easystore.co/100017/themes/2/assets/password-page-background.jpg]
[store-themes.easystore.co/100017/themes/2/assets/theme16a8.css]
[store-themes.easystore.co/100017/themes/2/assets/modernizr.min16a8.js]
[cdnjs.cloudflare.com/ajax/libs/font-awesome/4.5.0/css/font-awesome.min.css]
[bibahsongket.easy.co/assets/css/froala_style.min.css]
[bibahsongket.easy.co/blogs/to-love-songket-/historical-origin---traditional-uses.html]
[bibahsongket.easy.co/blogs/to-love-songket-/design-structure---pattern-arrangements--part-1-.html]
[bibahsongket.easy.co/blogs/to-love-songket-/weaving-processes.html]
[cdn.store-assets.com/s/100017/f/493.jpg]
[cdn.store-assets.com/s/100017/f/49375e4.jpg]
[cdn.store-assets.com/s/100017/i/57198606.png]
[cdn.store-assets.com/s/100017/i/56041652.png]
[cdn.store-assets.com/s/100017/i/56044843.png]
[bibahsongket.easy.co/blogs/to-love-songket-/clutch-purse-minaudier-framed-purse.html]
[bibahsongket.easy.co/blogs/to-love-songket-/note-to-collectors--part-3-.html]
[cdn.store-assets.com/s/100017/i/2605.jpg]
[cdn.store-assets.com/s/100017/i/260575e4.jpg]
[bibahsongket.easy.co/blogs/to-love-songket-/note-to-collectors--part-2-.html]
[cdn.store-assets.com/s/100017/f/882955.jpg]
[cdn.store-assets.com/s/100017/f/88295575e4.jpg]
[bibahsongket.easy.co/blogs/to-love-songket-/note-to-collectors--part-1-.html]
[bibahsongket.easy.co/blogs/to-love-songket-/design-structure---pattern-arrangements--part-3-.html]
[bibahsongket.easy.co/blogs/to-love-songket-/design-structure---pattern-arrangements--part-2-.html]
[store-themes.easystore.co/100017/themes/2/assets/fastclick.min16a8.js]
[store-themes.easystore.co/100017/themes/2/assets/timber16a8.js]
[store-themes.easystore.co/100017/themes/2/assets/social-buttons16a8.js]
[bibahsongket.easy.co/assets/currencies.js]
[bibahsongket.easy.co/assets/currencies_format.js]
[apps.easystore.co/assets/css/product-label/main3cbf.css]
[store-themes.easystore.co/100017/themes/2/assets/ico-select.svg]
[store-themes.easystore.co/100017/themes/2/assets/icons.svg]
[cdn.store-assets.com/s/100017/f/453447.jpg]
[cdn.store-assets.com/s/100017/f/453449.jpg]
[cdn.store-assets.com/s/100017/f/882846.jpg]
[cdn.store-assets.com/s/100017/f/453448.jpg]
[cdn.store-assets.com/s/100017/f/453446.jpg]
[cdn.store-assets.com/s/100017/f/453452.jpg]
[cdn.store-assets.com/s/100017/f/882862.jpg]
[cdn.store-assets.com/s/100017/f/882872.jpg]
[cdn.store-assets.com/s/100017/f/882913.jpg]
[bibahsongket.easy.co/blogs/to-love-songket-/weaving-processes.html]
[cdn.store-assets.com/s/100017/i/59221016.jpg]
[pinterest.com/pin/create/button/index0539.html]
[pinterest.com/pin/create/button/indexd59e.html]
[bibahsongket.easy.co/blogs/to-love-songket-/artistry---technical-exploration.html]
[pinterest.com/pin/create/button/index32ed.html]
[cdn.store-assets.com/s/100017/f/453385.jpg]
[cdn.store-assets.com/s/100017/f/45338575e4.jpg]
[cdn.store-assets.com/s/100017/f/455462.jpg]
[bibahsongket.easy.co/blogs/to-love-songket-/artistry---technical-exploration.html]
[pinterest.com/pin/create/button/indexc44f.html]
[pinterest.com/pin/create/button/index5241.html]
[pinterest.com/pin/create/button/index9e09.html]
[pinterest.com/pin/create/button/index8071.html]
[pinterest.com/pin/create/button/index26ee.html]
